<?xml version="1.0" encoding="UTF-8"?>
<!-- Generated by org.testng.reporters.JUnitXMLReporter -->
<testsuite hostname="DESKTOP-CN3CBMR" ignored="0" name="Default test" tests="3" failures="0" timestamp="09 Nov 2020 10:57:21 GMT" time="116.213" errors="0">
  <testcase name="alaptop" time="34.241" classname="uitesting.Popularlinkstest"/>
  <testcase name="spekr" time="22.725" classname="uitesting.Popularlinkstest"/>
  <testcase name="tablet" time="22.383" classname="uitesting.Popularlinkstest"/>
</testsuite> <!-- Default test -->
