<?xml version="1.0" encoding="UTF-8"?>
<!-- Generated by org.testng.reporters.JUnitXMLReporter -->
<testsuite hostname="DESKTOP-CN3CBMR" ignored="0" name="Advshop" tests="3" failures="0" timestamp="2020-11-09T16:47:49 IST" time="117.757" errors="0">
  <testcase name="alaptop" time="34.574" classname="uitesting.Popularlinkstest"/>
  <testcase name="spekr" time="22.493" classname="uitesting.Popularlinkstest"/>
  <testcase name="tablet" time="22.325" classname="uitesting.Popularlinkstest"/>
</testsuite> <!-- Advshop -->
