<?xml version="1.0" encoding="UTF-8"?>
<testng-results skipped="0" failed="0" ignored="0" total="3" passed="3">
  <reporter-output>
  </reporter-output>
  <suite name="Default suite" duration-ms="116213" started-at="2020-11-09T10:55:25Z" finished-at="2020-11-09T10:57:21Z">
    <groups>
    </groups>
    <test name="Default test" duration-ms="116213" started-at="2020-11-09T10:55:25Z" finished-at="2020-11-09T10:57:21Z">
      <class name="uitesting.Popularlinkstest">
        <test-method status="PASS" signature="esetup()[pri:0, instance:uitesting.Popularlinkstest@3c0ecd4b]" name="esetup" is-config="true" duration-ms="488" started-at="2020-11-09T10:55:25Z" finished-at="2020-11-09T10:55:25Z">
          <reporter-output>
          </reporter-output>
        </test-method> <!-- esetup -->
        <test-method status="PASS" signature="invokebro()[pri:0, instance:uitesting.Popularlinkstest@3c0ecd4b]" name="invokebro" is-config="true" duration-ms="11923" started-at="2020-11-09T10:55:25Z" finished-at="2020-11-09T10:55:37Z">
          <reporter-output>
          </reporter-output>
        </test-method> <!-- invokebro -->
        <test-method status="PASS" signature="alaptop()[pri:0, instance:uitesting.Popularlinkstest@3c0ecd4b]" name="alaptop" duration-ms="34241" started-at="2020-11-09T10:55:37Z" finished-at="2020-11-09T10:56:11Z">
          <reporter-output>
          </reporter-output>
        </test-method> <!-- alaptop -->
        <test-method status="PASS" signature="closeb()[pri:0, instance:uitesting.Popularlinkstest@3c0ecd4b]" name="closeb" is-config="true" duration-ms="2522" started-at="2020-11-09T10:56:11Z" finished-at="2020-11-09T10:56:14Z">
          <reporter-output>
          </reporter-output>
        </test-method> <!-- closeb -->
        <test-method status="PASS" signature="invokebro()[pri:0, instance:uitesting.Popularlinkstest@3c0ecd4b]" name="invokebro" is-config="true" duration-ms="8793" started-at="2020-11-09T10:56:14Z" finished-at="2020-11-09T10:56:23Z">
          <reporter-output>
          </reporter-output>
        </test-method> <!-- invokebro -->
        <test-method status="PASS" signature="spekr()[pri:0, instance:uitesting.Popularlinkstest@3c0ecd4b]" name="spekr" duration-ms="22725" started-at="2020-11-09T10:56:23Z" finished-at="2020-11-09T10:56:45Z">
          <reporter-output>
          </reporter-output>
        </test-method> <!-- spekr -->
        <test-method status="PASS" signature="closeb()[pri:0, instance:uitesting.Popularlinkstest@3c0ecd4b]" name="closeb" is-config="true" duration-ms="1738" started-at="2020-11-09T10:56:45Z" finished-at="2020-11-09T10:56:47Z">
          <reporter-output>
          </reporter-output>
        </test-method> <!-- closeb -->
        <test-method status="PASS" signature="invokebro()[pri:0, instance:uitesting.Popularlinkstest@3c0ecd4b]" name="invokebro" is-config="true" duration-ms="9414" started-at="2020-11-09T10:56:47Z" finished-at="2020-11-09T10:56:56Z">
          <reporter-output>
          </reporter-output>
        </test-method> <!-- invokebro -->
        <test-method status="PASS" signature="tablet()[pri:0, instance:uitesting.Popularlinkstest@3c0ecd4b]" name="tablet" duration-ms="22383" started-at="2020-11-09T10:56:56Z" finished-at="2020-11-09T10:57:19Z">
          <reporter-output>
          </reporter-output>
        </test-method> <!-- tablet -->
        <test-method status="PASS" signature="closeb()[pri:0, instance:uitesting.Popularlinkstest@3c0ecd4b]" name="closeb" is-config="true" duration-ms="1956" started-at="2020-11-09T10:57:19Z" finished-at="2020-11-09T10:57:21Z">
          <reporter-output>
          </reporter-output>
        </test-method> <!-- closeb -->
      </class> <!-- uitesting.Popularlinkstest -->
    </test> <!-- Default test -->
  </suite> <!-- Default suite -->
</testng-results>
